<?xml version="1.0" encoding="UTF-8"?>
<!-- Generated by org.testng.reporters.JUnitReportReporter -->
<testsuite hostname="Sanjog" failures="0" tests="1" name="com.seleniumtest.seleniumtest.amazondemotest" time="13.534" errors="0" timestamp="08 Sep 2021 06:58:02 GMT" skipped="0">
  <testcase classname="com.seleniumtest.seleniumtest.amazondemotest" name="testJbkTitle" time="13.534"/>
</testsuite> <!-- com.seleniumtest.seleniumtest.amazondemotest -->
