<?xml version="1.0" encoding="UTF-8"?>
<!-- Generated by org.testng.reporters.JUnitReportReporter -->
<testsuite hostname="Sanjog" failures="0" tests="1" name="com.seleniumtest.seleniumtest.bingdemotest" time="0.922" errors="0" timestamp="08 Sep 2021 06:58:02 GMT" skipped="0">
  <testcase classname="com.seleniumtest.seleniumtest.bingdemotest" name="testJbkTitle" time="0.922"/>
</testsuite> <!-- com.seleniumtest.seleniumtest.bingdemotest -->
