<?xml version="1.0" encoding="UTF-8"?>
<!-- Generated by org.testng.reporters.JUnitReportReporter -->
<testsuite hostname="Sanjog" failures="0" tests="5" name="com.seleniumtest.seleniumtest.amazondemotest" time="18.159" errors="0" timestamp="08 Sep 2021 06:56:06 GMT" skipped="0">
  <testcase classname="com.seleniumtest.seleniumtest.amazondemotest" name="testJbkTitle" time="7.823"/>
  <testcase classname="com.seleniumtest.seleniumtest.amazondemotest" name="testJbkTitleInvalid" time="0.742"/>
  <testcase classname="com.seleniumtest.seleniumtest.amazondemotest" name="testJbkTitlesubmit" time="3.389"/>
  <testcase classname="com.seleniumtest.seleniumtest.amazondemotest" name="testJbkTitlecheck" time="0.172"/>
  <testcase classname="com.seleniumtest.seleniumtest.amazondemotest" name="testJbkTitlescroll" time="6.033"/>
</testsuite> <!-- com.seleniumtest.seleniumtest.amazondemotest -->
